d:\hk\nhap mon game\do an\castle 31-10 - copy\6 - 11\new folder\castlegame\castlegame\castlegame\debug\vc120.pdb
d:\hk\nhap mon game\do an\castle 31-10 - copy\6 - 11\new folder\castlegame\castlegame\castlegame\debug\vc120.idb
d:\hk\nhap mon game\do an\castle 31-10 - copy\6 - 11\new folder\castlegame\castlegame\castlegame\debug\gameworld.obj
d:\hk\nhap mon game\do an\castle 31-10 - copy\6 - 11\new folder\castlegame\castlegame\castlegame\debug\logger.obj
d:\hk\nhap mon game\do an\castle 31-10 - copy\6 - 11\new folder\castlegame\castlegame\castlegame\debug\map.obj
d:\hk\nhap mon game\do an\castle 31-10 - copy\6 - 11\new folder\castlegame\castlegame\castlegame\debug\castlegame.obj
d:\hk\nhap mon game\do an\castle 31-10 - copy\6 - 11\new folder\castlegame\castlegame\castlegame\debug\castleplayer.obj
d:\hk\nhap mon game\do an\castle 31-10 - copy\6 - 11\new folder\castlegame\castlegame\castlegame\debug\markup.obj
d:\hk\nhap mon game\do an\castle 31-10 - copy\6 - 11\new folder\castlegame\castlegame\castlegame\debug\number.obj
d:\hk\nhap mon game\do an\castle 31-10 - copy\6 - 11\new folder\castlegame\castlegame\castlegame\debug\otherobj.obj
d:\hk\nhap mon game\do an\castle 31-10 - copy\6 - 11\new folder\castlegame\castlegame\castlegame\debug\pausemenu.obj
d:\hk\nhap mon game\do an\castle 31-10 - copy\6 - 11\new folder\castlegame\castlegame\castlegame\debug\playstate.obj
d:\hk\nhap mon game\do an\castle 31-10 - copy\6 - 11\new folder\castlegame\castlegame\castlegame\debug\qnode.obj
d:\hk\nhap mon game\do an\castle 31-10 - copy\6 - 11\new folder\castlegame\castlegame\castlegame\debug\quadtree.obj
d:\hk\nhap mon game\do an\castle 31-10 - copy\6 - 11\new folder\castlegame\castlegame\castlegame\debug\texturemanagement.obj
d:\hk\nhap mon game\do an\castle 31-10 - copy\6 - 11\new folder\castlegame\castlegame\castlegame\debug\startmenu.obj
d:\hk\nhap mon game\do an\castle 31-10 - copy\6 - 11\new folder\castlegame\castlegame\castlegame\debug\statemanagement.obj
d:\hk\nhap mon game\do an\castle 31-10 - copy\6 - 11\new folder\castlegame\castlegame\castlegame\debug\staticobject.obj
d:\hk\nhap mon game\do an\castle 31-10 - copy\6 - 11\new folder\castlegame\castlegame\castlegame\debug\waitscreen.obj
d:\hk\nhap mon game\do an\castle 31-10 - copy\6 - 11\new folder\castlegame\castlegame\castlegame\debug\waitstate.obj
d:\hk\nhap mon game\do an\castle 31-10 - copy\6 - 11\new folder\castlegame\castlegame\castlegame\debug\winmain.obj
d:\hk\nhap mon game\do an\castle 31-10 - copy\6 - 11\new folder\castlegame\castlegame\castlegame\debug\worldmanagement.obj
d:\hk\nhap mon game\do an\castle 31-10 - copy\6 - 11\new folder\castlegame\castlegame\castlegame\debug\baseinfo.obj
d:\hk\nhap mon game\do an\castle 31-10 - copy\6 - 11\new folder\castlegame\castlegame\castlegame\debug\baseobject.obj
d:\hk\nhap mon game\do an\castle 31-10 - copy\6 - 11\new folder\castlegame\castlegame\castlegame\debug\beginstate.obj
d:\hk\nhap mon game\do an\castle 31-10 - copy\6 - 11\new folder\castlegame\castlegame\castlegame\debug\brick.obj
d:\hk\nhap mon game\do an\castle 31-10 - copy\6 - 11\new folder\castlegame\castlegame\castlegame\debug\camera.obj
d:\hk\nhap mon game\do an\castle 31-10 - copy\6 - 11\new folder\castlegame\castlegame\castlegame\debug\collision.obj
d:\hk\nhap mon game\do an\castle 31-10 - copy\6 - 11\new folder\castlegame\castlegame\castlegame\debug\directxgame.obj
d:\hk\nhap mon game\do an\castle 31-10 - copy\6 - 11\new folder\castlegame\castlegame\castlegame\debug\dsutil.obj
d:\hk\nhap mon game\do an\castle 31-10 - copy\6 - 11\new folder\castlegame\castlegame\castlegame\debug\dynamicobject.obj
d:\hk\nhap mon game\do an\castle 31-10 - copy\6 - 11\new folder\castlegame\castlegame\castlegame\debug\enemy.obj
d:\hk\nhap mon game\do an\castle 31-10 - copy\6 - 11\new folder\castlegame\castlegame\castlegame\debug\gameinfo.obj
d:\hk\nhap mon game\do an\castle 31-10 - copy\6 - 11\new folder\castlegame\castlegame\castlegame\debug\gameoverscreen.obj
d:\hk\nhap mon game\do an\castle 31-10 - copy\6 - 11\new folder\castlegame\castlegame\castlegame\debug\livingobject.obj
d:\hk\nhap mon game\do an\castle 31-10 - copy\6 - 11\new folder\castlegame\castlegame\castlegame\debug\loadgame.obj
d:\hk\nhap mon game\do an\castle 31-10 - copy\6 - 11\new folder\castlegame\castlegame\castlegame\debug\pausestate.obj
d:\hk\nhap mon game\do an\castle 31-10 - copy\6 - 11\new folder\castlegame\castlegame\castlegame\debug\state.obj
d:\hk\nhap mon game\do an\castle 31-10 - copy\6 - 11\new folder\castlegame\castlegame\castlegame\debug\gametime.obj
d:\hk\nhap mon game\do an\castle 31-10 - copy\6 - 11\new folder\castlegame\castlegame\castlegame\debug\canhcua.obj
d:\hk\nhap mon game\do an\castle 31-10 - copy\6 - 11\new folder\castlegame\castlegame\castlegame\debug\ngonduoc.obj
d:\hk\nhap mon game\do an\castle 31-10 - copy\6 - 11\new folder\castlegame\castlegame\castlegame\debug\ngonnen.obj
d:\hk\nhap mon game\do an\castle 31-10 - copy\6 - 11\new folder\castlegame\castlegame\castlegame\debug\thanhtruot.obj
d:\hk\nhap mon game\do an\castle 31-10 - copy\6 - 11\new folder\castlegame\castlegame\debug\castlegame.ilk
d:\hk\nhap mon game\do an\castle 31-10 - copy\6 - 11\new folder\castlegame\castlegame\debug\castlegame.exe
d:\hk\nhap mon game\do an\castle 31-10 - copy\6 - 11\new folder\castlegame\castlegame\debug\castlegame.pdb
d:\hk\nhap mon game\do an\castle 31-10 - copy\6 - 11\new folder\castlegame\castlegame\castlegame\debug\castlegame.tlog\cl.command.1.tlog
d:\hk\nhap mon game\do an\castle 31-10 - copy\6 - 11\new folder\castlegame\castlegame\castlegame\debug\castlegame.tlog\cl.read.1.tlog
d:\hk\nhap mon game\do an\castle 31-10 - copy\6 - 11\new folder\castlegame\castlegame\castlegame\debug\castlegame.tlog\cl.write.1.tlog
d:\hk\nhap mon game\do an\castle 31-10 - copy\6 - 11\new folder\castlegame\castlegame\castlegame\debug\castlegame.tlog\link.command.1.tlog
d:\hk\nhap mon game\do an\castle 31-10 - copy\6 - 11\new folder\castlegame\castlegame\castlegame\debug\castlegame.tlog\link.read.1.tlog
d:\hk\nhap mon game\do an\castle 31-10 - copy\6 - 11\new folder\castlegame\castlegame\castlegame\debug\castlegame.tlog\link.write.1.tlog
